<?xml version="1.0" encoding="UTF-8"?>
<testsuites name="jest tests" tests="2" failures="0" errors="0" time="2.066">
  <testsuite name="Sample System Test" errors="0" failures="0" skipped="0" timestamp="2025-02-07T08:51:09" time="1.023" tests="2">
    <testcase classname="Sample System Test should pass this basic test" name="Sample System Test should pass this basic test" time="0.003">
    </testcase>
    <testcase classname="Sample System Test should handle string comparison" name="Sample System Test should handle string comparison" time="0.001">
    </testcase>
  </testsuite>
</testsuites>